"2021-04-25 10:21:59 - Starting RatingsDataServicesApplication using Java 1.8.0_261 on LAPTOP-J685BBMS with PID 13604 (E:\IntelliJWorkspace\MicroservicesLearn\ratings-data-services\target\classes started by Achyut in E:\IntelliJWorkspace\MicroservicesLearn\ratings-data-services)
""2021-04-25 10:21:59 - No active profile set, falling back to default profiles: default
""2021-04-25 10:22:01 - Bootstrapping Spring Data JPA repositories in DEFAULT mode.
""2021-04-25 10:22:02 - Finished Spring Data repository scanning in 241 ms. Found 1 JPA repository interfaces.
""2021-04-25 10:22:03 - Tomcat initialized with port(s): 7070 (http)
""2021-04-25 10:22:03 - Starting service [Tomcat]
""2021-04-25 10:22:03 - Starting Servlet engine: [Apache Tomcat/9.0.41]
""2021-04-25 10:22:03 - Initializing Spring embedded WebApplicationContext
""2021-04-25 10:22:03 - Root WebApplicationContext: initialization completed in 3379 ms
""2021-04-25 10:22:03 - HHH000204: Processing PersistenceUnitInfo [name: default]
""2021-04-25 10:22:04 - HHH000412: Hibernate ORM core version 5.4.27.Final
""2021-04-25 10:22:04 - HCANN000001: Hibernate Commons Annotations {5.1.2.Final}
""2021-04-25 10:22:04 - HikariPool-1 - Starting...
""2021-04-25 10:22:04 - HikariPool-1 - Start completed.
""2021-04-25 10:22:04 - HHH000400: Using dialect: org.hibernate.dialect.MySQL8Dialect
""2021-04-25 10:22:05 - HHH000490: Using JtaPlatform implementation: [org.hibernate.engine.transaction.jta.platform.internal.NoJtaPlatform]
""2021-04-25 10:22:05 - Initialized JPA EntityManagerFactory for persistence unit 'default'
""2021-04-25 10:22:06 - spring.jpa.open-in-view is enabled by default. Therefore, database queries may be performed during view rendering. Explicitly configure spring.jpa.open-in-view to disable this warning
""2021-04-25 10:22:06 - Mapped URL path [/v2/api-docs] onto method [springfox.documentation.swagger2.web.Swagger2Controller#getDocumentation(String, HttpServletRequest)]
""2021-04-25 10:22:06 - Initializing ExecutorService 'applicationTaskExecutor'
""2021-04-25 10:22:07 - Cannot find template location: classpath:/templates/ (please add some templates or check your Thymeleaf configuration)
""2021-04-25 10:22:07 - Tomcat started on port(s): 7070 (http) with context path ''
""2021-04-25 10:22:07 - Context refreshed
""2021-04-25 10:22:07 - Found 1 custom documentation plugin(s)
""2021-04-25 10:22:07 - Scanning for api listing references
""2021-04-25 10:22:08 - Started RatingsDataServicesApplication in 9.381 seconds (JVM running for 10.739)
""2021-04-25 10:26:37 - Initializing Spring DispatcherServlet 'dispatcherServlet'
""2021-04-25 10:26:37 - Initializing Servlet 'dispatcherServlet'
""2021-04-25 10:26:37 - Completed initialization in 9 ms
""2021-04-25 10:26:37 - showing all movie ratings
""2021-04-25 10:26:37 - get All Movie Successfully
""2021-04-25 10:27:17 - showing specific Movie ratings : golmaal
""2021-04-25 10:27:17 - fetched specific movie successfully
""2021-04-25 10:28:17 - Saving movie ratings : Ratings(movieId=string, movieRatings=3.2)
""2021-04-25 10:28:17 - Object saved Successfully
""2021-04-25 10:53:52 - HikariPool-1 - Thread starvation or clock leap detected (housekeeper delta=5m9s380ms723µs400ns).
"